Sender: LSF System <lsfadmin@polus-c4-ib.bmc.hpc.cs.msu.ru>
Subject: Job 1371629: <# this file was automaticly created by mpisubmit.pl script for edu-cmc-skmodel25-628-11 #;source /polusfs/setenv/setup.SMPI;#BSUB -n 4;#BSUB -W 00:30;#BSUB -o try_mpi_4_1_256_1_0.out;#BSUB -e try_mpi_4_1_256_1_0.err;OMP_NUM_THREADS=1 mpiexec mpi_solve 256 1> in cluster <MSUCluster> Done

Job <# this file was automaticly created by mpisubmit.pl script for edu-cmc-skmodel25-628-11 #;source /polusfs/setenv/setup.SMPI;#BSUB -n 4;#BSUB -W 00:30;#BSUB -o try_mpi_4_1_256_1_0.out;#BSUB -e try_mpi_4_1_256_1_0.err;OMP_NUM_THREADS=1 mpiexec mpi_solve 256 1> was submitted from host <polus-ib.bmc.hpc.cs.msu.ru> by user <edu-cmc-skmodel25-628-11> in cluster <MSUCluster> at Sat Nov 29 01:48:20 2025
Job was executed on host(s) <4*polus-c4-ib.bmc.hpc.cs.msu.ru>, in queue <short>, as user <edu-cmc-skmodel25-628-11> in cluster <MSUCluster> at Sat Nov 29 01:48:22 2025
</home_edu/edu-cmc-skmodel25-628/edu-cmc-skmodel25-628-11> was used as the home directory.
</home_edu/edu-cmc-skmodel25-628/edu-cmc-skmodel25-628-11/tasks> was used as the working directory.
Started at Sat Nov 29 01:48:22 2025
Terminated at Sat Nov 29 01:48:38 2025
Results reported at Sat Nov 29 01:48:38 2025

Your job looked like:

------------------------------------------------------------
# LSBATCH: User input
# this file was automaticly created by mpisubmit.pl script for edu-cmc-skmodel25-628-11 #
source /polusfs/setenv/setup.SMPI
#BSUB -n 4
#BSUB -W 00:30
#BSUB -o try_mpi_4_1_256_1_0.out
#BSUB -e try_mpi_4_1_256_1_0.err
OMP_NUM_THREADS=1 mpiexec mpi_solve 256 1

------------------------------------------------------------

Successfully completed.

Resource usage summary:

    CPU time :                                   62.80 sec.
    Max Memory :                                 634 MB
    Average Memory :                             475.50 MB
    Total Requested Memory :                     -
    Delta Memory :                               -
    Max Swap :                                   -
    Max Processes :                              8
    Max Threads :                                21
    Run time :                                   18 sec.
    Turnaround time :                            18 sec.

The output (if any) follows:

Running with N = 256 and L = 1, processes = 4
3D Grid decomposition: 2 x 2 x 1
Max error at current step: 4.14211e-05
Max error at current step: 9.3099e-05
Max error at current step: 0.000165264
Max error at current step: 0.000257734
Max error at current step: 0.000370275
Max error at current step: 0.0005026
Max error at current step: 0.000654375
Max error at current step: 0.000825216
Max error at current step: 0.00101469
Max error at current step: 0.00122232
Max error at current step: 0.00144758
Max error at current step: 0.00168991
Max error at current step: 0.00194869
Max error at current step: 0.00222327
Max error at current step: 0.00251296
Max error at current step: 0.00281704
Max error at current step: 0.00313474
Max error at current step: 0.00346528
Final error: 0.00380782
Elapsed time: 15.5904


PS:

Read file <try_mpi_4_1_256_1_0.err> for stderr output of this job.

