Sender: LSF System <lsfadmin@polus-c4-ib.bmc.hpc.cs.msu.ru>
Subject: Job 1371621: <# this file was automaticly created by mpisubmit.pl script for edu-cmc-skmodel25-628-11 #;source /polusfs/setenv/setup.SMPI;#BSUB -n 4;#BSUB -W 00:30;#BSUB -o try_mpi_4_1_128_1_2.out;#BSUB -e try_mpi_4_1_128_1_2.err;OMP_NUM_THREADS=1 mpiexec mpi_solve 128 1> in cluster <MSUCluster> Done

Job <# this file was automaticly created by mpisubmit.pl script for edu-cmc-skmodel25-628-11 #;source /polusfs/setenv/setup.SMPI;#BSUB -n 4;#BSUB -W 00:30;#BSUB -o try_mpi_4_1_128_1_2.out;#BSUB -e try_mpi_4_1_128_1_2.err;OMP_NUM_THREADS=1 mpiexec mpi_solve 128 1> was submitted from host <polus-ib.bmc.hpc.cs.msu.ru> by user <edu-cmc-skmodel25-628-11> in cluster <MSUCluster> at Sat Nov 29 01:47:40 2025
Job was executed on host(s) <4*polus-c4-ib.bmc.hpc.cs.msu.ru>, in queue <short>, as user <edu-cmc-skmodel25-628-11> in cluster <MSUCluster> at Sat Nov 29 01:47:41 2025
</home_edu/edu-cmc-skmodel25-628/edu-cmc-skmodel25-628-11> was used as the home directory.
</home_edu/edu-cmc-skmodel25-628/edu-cmc-skmodel25-628-11/tasks> was used as the working directory.
Started at Sat Nov 29 01:47:41 2025
Terminated at Sat Nov 29 01:47:44 2025
Results reported at Sat Nov 29 01:47:44 2025

Your job looked like:

------------------------------------------------------------
# LSBATCH: User input
# this file was automaticly created by mpisubmit.pl script for edu-cmc-skmodel25-628-11 #
source /polusfs/setenv/setup.SMPI
#BSUB -n 4
#BSUB -W 00:30
#BSUB -o try_mpi_4_1_128_1_2.out
#BSUB -e try_mpi_4_1_128_1_2.err
OMP_NUM_THREADS=1 mpiexec mpi_solve 128 1

------------------------------------------------------------

Successfully completed.

Resource usage summary:

    CPU time :                                   8.74 sec.
    Max Memory :                                 281 MB
    Average Memory :                             187.67 MB
    Total Requested Memory :                     -
    Delta Memory :                               -
    Max Swap :                                   -
    Max Processes :                              8
    Max Threads :                                21
    Run time :                                   3 sec.
    Turnaround time :                            4 sec.

The output (if any) follows:

Running with N = 128 and L = 1, processes = 4
3D Grid decomposition: 2 x 2 x 1
Max error at current step: 8.2817e-05
Max error at current step: 0.000186141
Max error at current step: 0.000330425
Max error at current step: 0.000515302
Max error at current step: 0.000740301
Max error at current step: 0.00100485
Max error at current step: 0.00130828
Max error at current step: 0.00164981
Max error at current step: 0.00202858
Max error at current step: 0.00244362
Max error at current step: 0.00289389
Max error at current step: 0.00337825
Max error at current step: 0.00389546
Max error at current step: 0.00444422
Max error at current step: 0.00502315
Max error at current step: 0.00563079
Max error at current step: 0.00626561
Max error at current step: 0.00692601
Final error: 0.00761035
Elapsed time: 2.07538


PS:

Read file <try_mpi_4_1_128_1_2.err> for stderr output of this job.

