Sender: LSF System <lsfadmin@polus-c4-ib.bmc.hpc.cs.msu.ru>
Subject: Job 1371600: <# this file was automaticly created by mpisubmit.pl script for edu-cmc-skmodel25-628-11 #;source /polusfs/setenv/setup.SMPI;#BSUB -n 8;#BSUB -W 00:30;#BSUB -o try_mpi_8_1_128_PI_0.out;#BSUB -e try_mpi_8_1_128_PI_0.err;OMP_NUM_THREADS=1 mpiexec mpi_solve 128 PI> in cluster <MSUCluster> Done

Job <# this file was automaticly created by mpisubmit.pl script for edu-cmc-skmodel25-628-11 #;source /polusfs/setenv/setup.SMPI;#BSUB -n 8;#BSUB -W 00:30;#BSUB -o try_mpi_8_1_128_PI_0.out;#BSUB -e try_mpi_8_1_128_PI_0.err;OMP_NUM_THREADS=1 mpiexec mpi_solve 128 PI> was submitted from host <polus-ib.bmc.hpc.cs.msu.ru> by user <edu-cmc-skmodel25-628-11> in cluster <MSUCluster> at Sat Nov 29 01:46:14 2025
Job was executed on host(s) <8*polus-c4-ib.bmc.hpc.cs.msu.ru>, in queue <short>, as user <edu-cmc-skmodel25-628-11> in cluster <MSUCluster> at Sat Nov 29 01:46:16 2025
</home_edu/edu-cmc-skmodel25-628/edu-cmc-skmodel25-628-11> was used as the home directory.
</home_edu/edu-cmc-skmodel25-628/edu-cmc-skmodel25-628-11/tasks> was used as the working directory.
Started at Sat Nov 29 01:46:16 2025
Terminated at Sat Nov 29 01:46:18 2025
Results reported at Sat Nov 29 01:46:18 2025

Your job looked like:

------------------------------------------------------------
# LSBATCH: User input
# this file was automaticly created by mpisubmit.pl script for edu-cmc-skmodel25-628-11 #
source /polusfs/setenv/setup.SMPI
#BSUB -n 8
#BSUB -W 00:30
#BSUB -o try_mpi_8_1_128_PI_0.out
#BSUB -e try_mpi_8_1_128_PI_0.err
OMP_NUM_THREADS=1 mpiexec mpi_solve 128 PI

------------------------------------------------------------

Successfully completed.

Resource usage summary:

    CPU time :                                   10.59 sec.
    Max Memory :                                 494 MB
    Average Memory :                             329.67 MB
    Total Requested Memory :                     -
    Delta Memory :                               -
    Max Swap :                                   -
    Max Processes :                              12
    Max Threads :                                33
    Run time :                                   3 sec.
    Turnaround time :                            4 sec.

The output (if any) follows:

Running with N = 128 and L = 3.14159, processes = 8
3D Grid decomposition: 2 x 2 x 2
Max error at current step: 8.39593e-06
Max error at current step: 1.88888e-05
Max error at current step: 3.3575e-05
Max error at current step: 5.24508e-05
Max error at current step: 7.55113e-05
Max error at current step: 0.000102751
Max error at current step: 0.000134162
Max error at current step: 0.000169736
Max error at current step: 0.000209465
Max error at current step: 0.000253338
Max error at current step: 0.000301344
Max error at current step: 0.00035347
Max error at current step: 0.000409704
Max error at current step: 0.00047003
Max error at current step: 0.000534432
Max error at current step: 0.000602896
Max error at current step: 0.000675401
Max error at current step: 0.000751931
Final error: 0.000832465
Elapsed time: 1.22279


PS:

Read file <try_mpi_8_1_128_PI_0.err> for stderr output of this job.

