Sender: LSF System <lsfadmin@polus-c2-ib.bmc.hpc.cs.msu.ru>
Subject: Job 1371664: <# this file was automaticly created by mpisubmit.pl script for edu-cmc-skmodel25-628-11 #;source /polusfs/setenv/setup.SMPI;#BSUB -n 1;#BSUB -W 00:30;#BSUB -o try_mpi_1_1_128_1_3.out;#BSUB -e try_mpi_1_1_128_1_3.err;OMP_NUM_THREADS=1 mpiexec serial_solve 128 1> in cluster <MSUCluster> Done

Job <# this file was automaticly created by mpisubmit.pl script for edu-cmc-skmodel25-628-11 #;source /polusfs/setenv/setup.SMPI;#BSUB -n 1;#BSUB -W 00:30;#BSUB -o try_mpi_1_1_128_1_3.out;#BSUB -e try_mpi_1_1_128_1_3.err;OMP_NUM_THREADS=1 mpiexec serial_solve 128 1> was submitted from host <polus-ib.bmc.hpc.cs.msu.ru> by user <edu-cmc-skmodel25-628-11> in cluster <MSUCluster> at Sat Nov 29 01:51:07 2025
Job was executed on host(s) <polus-c2-ib.bmc.hpc.cs.msu.ru>, in queue <short>, as user <edu-cmc-skmodel25-628-11> in cluster <MSUCluster> at Sat Nov 29 01:51:41 2025
</home_edu/edu-cmc-skmodel25-628/edu-cmc-skmodel25-628-11> was used as the home directory.
</home_edu/edu-cmc-skmodel25-628/edu-cmc-skmodel25-628-11/tasks> was used as the working directory.
Started at Sat Nov 29 01:51:41 2025
Terminated at Sat Nov 29 01:51:54 2025
Results reported at Sat Nov 29 01:51:54 2025

Your job looked like:

------------------------------------------------------------
# LSBATCH: User input
# this file was automaticly created by mpisubmit.pl script for edu-cmc-skmodel25-628-11 #
source /polusfs/setenv/setup.SMPI
#BSUB -n 1
#BSUB -W 00:30
#BSUB -o try_mpi_1_1_128_1_3.out
#BSUB -e try_mpi_1_1_128_1_3.err
OMP_NUM_THREADS=1 mpiexec serial_solve 128 1

------------------------------------------------------------

Successfully completed.

Resource usage summary:

    CPU time :                                   10.87 sec.
    Max Memory :                                 68 MB
    Average Memory :                             51.25 MB
    Total Requested Memory :                     -
    Delta Memory :                               -
    Max Swap :                                   -
    Max Processes :                              5
    Max Threads :                                10
    Run time :                                   12 sec.
    Turnaround time :                            47 sec.

The output (if any) follows:

Running with N = 128 and L = 1
Max error at current step: 8.2817e-05
Max error at current step: 0.000186141
Max error at current step: 0.000330425
Max error at current step: 0.000515302
Max error at current step: 0.000740301
Max error at current step: 0.00100485
Max error at current step: 0.00130828
Max error at current step: 0.00164981
Max error at current step: 0.00202858
Max error at current step: 0.00244362
Max error at current step: 0.00289389
Max error at current step: 0.00337825
Max error at current step: 0.00389546
Max error at current step: 0.00444422
Max error at current step: 0.00502315
Max error at current step: 0.00563079
Max error at current step: 0.00626561
Max error at current step: 0.00692601
Final error: 0.00761035
Elapsed time: 10.5734


PS:

Read file <try_mpi_1_1_128_1_3.err> for stderr output of this job.

