Sender: LSF System <lsfadmin@polus-c3-ib.bmc.hpc.cs.msu.ru>
Subject: Job 1371581: <# this file was automaticly created by mpisubmit.pl script for edu-cmc-skmodel25-628-11 #;source /polusfs/setenv/setup.SMPI;#BSUB -n 16;#BSUB -W 00:30;#BSUB -o try_mpi_16_1_256_1_0.out;#BSUB -e try_mpi_16_1_256_1_0.err;OMP_NUM_THREADS=1 mpiexec mpi_solve 256 1> in cluster <MSUCluster> Done

Job <# this file was automaticly created by mpisubmit.pl script for edu-cmc-skmodel25-628-11 #;source /polusfs/setenv/setup.SMPI;#BSUB -n 16;#BSUB -W 00:30;#BSUB -o try_mpi_16_1_256_1_0.out;#BSUB -e try_mpi_16_1_256_1_0.err;OMP_NUM_THREADS=1 mpiexec mpi_solve 256 1> was submitted from host <polus-ib.bmc.hpc.cs.msu.ru> by user <edu-cmc-skmodel25-628-11> in cluster <MSUCluster> at Sat Nov 29 01:44:59 2025
Job was executed on host(s) <9*polus-c3-ib.bmc.hpc.cs.msu.ru>, in queue <short>, as user <edu-cmc-skmodel25-628-11> in cluster <MSUCluster> at Sat Nov 29 01:44:59 2025
                            <7*polus-c2-ib.bmc.hpc.cs.msu.ru>
</home_edu/edu-cmc-skmodel25-628/edu-cmc-skmodel25-628-11> was used as the home directory.
</home_edu/edu-cmc-skmodel25-628/edu-cmc-skmodel25-628-11/tasks> was used as the working directory.
Started at Sat Nov 29 01:44:59 2025
Terminated at Sat Nov 29 01:45:07 2025
Results reported at Sat Nov 29 01:45:07 2025

Your job looked like:

------------------------------------------------------------
# LSBATCH: User input
# this file was automaticly created by mpisubmit.pl script for edu-cmc-skmodel25-628-11 #
source /polusfs/setenv/setup.SMPI
#BSUB -n 16
#BSUB -W 00:30
#BSUB -o try_mpi_16_1_256_1_0.out
#BSUB -e try_mpi_16_1_256_1_0.err
OMP_NUM_THREADS=1 mpiexec mpi_solve 256 1

------------------------------------------------------------

Successfully completed.

Resource usage summary:

    CPU time :                                   98.59 sec.
    Max Memory :                                 733 MB
    Average Memory :                             489.00 MB
    Total Requested Memory :                     -
    Delta Memory :                               -
    Max Swap :                                   -
    Max Processes :                              13
    Max Threads :                                36
    Run time :                                   8 sec.
    Turnaround time :                            8 sec.

The output (if any) follows:

Running with N = 256 and L = 1, processes = 16
3D Grid decomposition: 4 x 2 x 2
Max error at current step: 4.14211e-05
Max error at current step: 9.3099e-05
Max error at current step: 0.000165264
Max error at current step: 0.000257734
Max error at current step: 0.000370275
Max error at current step: 0.0005026
Max error at current step: 0.000654375
Max error at current step: 0.000825216
Max error at current step: 0.00101469
Max error at current step: 0.00122232
Max error at current step: 0.00144758
Max error at current step: 0.00168991
Max error at current step: 0.00194869
Max error at current step: 0.00222327
Max error at current step: 0.00251296
Max error at current step: 0.00281704
Max error at current step: 0.00313474
Max error at current step: 0.00346528
Final error: 0.00380782
Elapsed time: 6.06447


PS:

Read file <try_mpi_16_1_256_1_0.err> for stderr output of this job.

